<?xml version="1.0" encoding="utf-8"?><testsuites name="pytest tests"><testsuite name="pytest" errors="0" failures="1" skipped="0" tests="29" time="8.544" timestamp="2026-08-17T19:54:30.394441+00:00" hostname="agent-env-80f7b940-9e0d-4c10-84cc-579807cbaac5"><testcase classname="tests.backend_test.TestAuth" name="test_login_valid" time="0.768" /><testcase classname="tests.backend_test.TestAdmin" name="test_overview" time="0.784" /><testcase classname="tests.backend_test.TestAuth" name="test_login_invalid" time="0.170" /><testcase classname="tests.backend_test.TestAdmin" name="test_users_list" time="0.066" /><testcase classname="tests.backend_test.TestAuth" name="test_me_requires_auth" time="0.297" /><testcase classname="tests.backend_test.TestAdmin" name="test_customer_cant_access_admin" time="0.466" /><testcase classname="tests.backend_test.TestAuth" name="test_me" time="0.601" /><testcase classname="tests.backend_test.TestAdmin" name="test_super_admin_creates_support" time="0.820" /><testcase classname="tests.backend_test.TestAuth" name="test_otp_request_and_verify" time="0.456" /><testcase classname="tests.backend_test.TestProducts" name="test_list_products" time="0.150" /><testcase classname="tests.backend_test.TestProducts" name="test_search_products" time="0.135" /><testcase classname="tests.backend_test.TestAuth" name="test_super_admin_login" time="0.451" /><testcase classname="tests.backend_test.TestProducts" name="test_product_detail" time="0.431" /><testcase classname="tests.backend_test.TestReels" name="test_feed" time="0.155" /><testcase classname="tests.backend_test.TestMeta" name="test_categories" time="0.154" /><testcase classname="tests.backend_test.TestReels" name="test_like_and_save" time="0.256" /><testcase classname="tests.backend_test.TestMeta" name="test_couriers" time="0.195" /><testcase classname="tests.backend_test.TestReels" name="test_comment" time="0.213"><failure message="assert 500 == 200&#10; +  where 500 = &lt;Response [500]&gt;.status_code">backend/tests/backend_test.py:159: in test_comment
    assert r.status_code == 200
E   assert 500 == 200
E    +  where 500 = &lt;Response [500]&gt;.status_code</failure></testcase><testcase classname="tests.backend_test.TestCartWishlist" name="test_cart_flow" time="0.562" /><testcase classname="tests.backend_test.TestCartWishlist" name="test_wishlist_toggle" time="0.460" /><testcase classname="tests.backend_test.TestStudioAndModeration" name="test_upload_product_and_approve" time="0.925" /><testcase classname="tests.backend_test.TestStudioAndModeration" name="test_upload_reel_and_approve" time="0.385" /><testcase classname="tests.backend_test.TestCheckout" name="test_full_purchase_flow" time="1.481" /><testcase classname="tests.backend_test.TestSellerShipping" name="test_ship_and_deliver" time="0.862" /><testcase classname="tests.backend_test.TestTickets" name="test_ticket_flow" time="0.709" /><testcase classname="tests.backend_test.TestCustomOrders" name="test_full_custom_flow" time="1.824" /><testcase classname="tests.backend_test.TestNotifications" name="test_list_and_read" time="0.134" /><testcase classname="tests.backend_test.TestSearch" name="test_search" time="0.254" /><testcase classname="tests.backend_test.TestCompany" name="test_my_company" time="0.445" /></testsuite></testsuites>