<?xml version="1.0" encoding="utf-8"?><testsuites name="pytest tests"><testsuite name="pytest" errors="0" failures="0" skipped="0" tests="92" time="43.310" timestamp="2026-08-20T09:39:41.026406+00:00" hostname="agent-env-80f7b940-9e0d-4c10-84cc-579807cbaac5"><testcase classname="tests.backend_test.TestAuth" name="test_login_valid" time="0.376" /><testcase classname="tests.backend_test.TestAuth" name="test_login_invalid" time="0.107" /><testcase classname="tests.backend_test.TestAuth" name="test_me_requires_auth" time="0.116" /><testcase classname="tests.backend_test.TestAuth" name="test_me" time="0.377" /><testcase classname="tests.backend_test.TestAuth" name="test_otp_request_and_verify" time="0.196" /><testcase classname="tests.backend_test.TestAuth" name="test_super_admin_login" time="0.352" /><testcase classname="tests.backend_test.TestMeta" name="test_categories" time="0.113" /><testcase classname="tests.backend_test.TestMeta" name="test_couriers" time="0.105" /><testcase classname="tests.backend_test.TestProducts" name="test_list_products" time="0.113" /><testcase classname="tests.backend_test.TestProducts" name="test_search_products" time="0.106" /><testcase classname="tests.backend_test.TestProducts" name="test_product_detail" time="0.270" /><testcase classname="tests.backend_test.TestReels" name="test_feed" time="0.123" /><testcase classname="tests.backend_test.TestReels" name="test_like_and_save" time="0.232" /><testcase classname="tests.backend_test.TestReels" name="test_comment" time="0.173" /><testcase classname="tests.backend_test.TestCartWishlist" name="test_cart_flow" time="0.282" /><testcase classname="tests.backend_test.TestCartWishlist" name="test_wishlist_toggle" time="0.227" /><testcase classname="tests.backend_test.TestCheckout" name="test_full_purchase_flow" time="1.962" /><testcase classname="tests.backend_test.TestSellerShipping" name="test_ship_and_deliver" time="0.603" /><testcase classname="tests.backend_test.TestCustomOrders" name="test_full_custom_flow" time="3.043" /><testcase classname="tests.backend_test.TestCompany" name="test_my_company" time="0.432" /><testcase classname="tests.backend_test.TestStudioAndModeration" name="test_upload_product_and_approve" time="0.123" /><testcase classname="tests.backend_test.TestStudioAndModeration" name="test_upload_reel_and_approve" time="0.129" /><testcase classname="tests.backend_test.TestAdmin" name="test_overview" time="0.052" /><testcase classname="tests.backend_test.TestAdmin" name="test_users_list" time="0.055" /><testcase classname="tests.backend_test.TestAdmin" name="test_customer_cant_access_admin" time="0.047" /><testcase classname="tests.backend_test.TestAdmin" name="test_super_admin_creates_support" time="0.692" /><testcase classname="tests.backend_test.TestTickets" name="test_ticket_flow" time="0.502" /><testcase classname="tests.backend_test.TestNotifications" name="test_list_and_read" time="0.107" /><testcase classname="tests.backend_test.TestSearch" name="test_search" time="0.137" /><testcase classname="tests.backend_test.TestNewProductRails" name="test_recommended_products" time="0.100" /><testcase classname="tests.backend_test.TestNewProductRails" name="test_related_products" time="0.263" /><testcase classname="tests.backend_test.TestNewProductRails" name="test_related_products_404" time="0.125" /><testcase classname="tests.backend_test.TestRecentlyViewed" name="test_track_view_and_list" time="0.321" /><testcase classname="tests.backend_test.TestRecentlyViewed" name="test_recently_viewed_requires_auth" time="0.135" /><testcase classname="tests.backend_test.TestSaveForLater" name="test_save_for_later_excluded_from_checkout" time="1.505" /><testcase classname="tests.backend_test.TestSaveForLater" name="test_save_for_later_missing_item" time="0.227" /><testcase classname="tests.backend_test.TestBecomeRetailer" name="test_customer_becomes_retailer" time="0.530" /><testcase classname="tests.backend_test.TestBecomeRetailer" name="test_non_customer_cannot_become_retailer" time="0.104" /><testcase classname="tests.backend_test.TestUserSettings" name="test_update_settings" time="0.099" /><testcase classname="tests.backend_test.TestSellerReviews" name="test_reviews_on_seller_profile" time="0.422" /><testcase classname="tests.backend_test.TestReports" name="test_report_product_visible_to_admin" time="0.229" /><testcase classname="tests.backend_test.TestReports" name="test_report_reel" time="0.185" /><testcase classname="tests.backend_test.TestSavedReels" name="test_saved_reels_feed" time="0.272" /><testcase classname="tests.backend_test.TestProfileTabsData" name="test_profile_data_shape" time="0.212" /><testcase classname="tests.backend_test.TestBanners" name="test_public_banners" time="0.114" /><testcase classname="tests.backend_test.TestBanners" name="test_trending_products" time="0.139" /><testcase classname="tests.backend_test.TestBanners" name="test_recommended_creators" time="0.125" /><testcase classname="tests.backend_test.TestBanners" name="test_featured_collections" time="0.119" /><testcase classname="tests.backend_test.TestAddresses" name="test_address_crud_and_checkout_flow" time="0.919" /><testcase classname="tests.backend_test.TestDiscountAndVariations" name="test_discount_and_variation_pricing" time="0.820" /><testcase classname="tests.backend_test.TestOrderLifecycle" name="test_full_lifecycle_via_status" time="1.882" /><testcase classname="tests.backend_test.TestOrderLifecycle" name="test_reject_path_refunds_escrow" time="1.483" /><testcase classname="tests.backend_test.TestCollectionsCRUD" name="test_create_toggle_delete" time="0.746" /><testcase classname="tests.backend_test.TestUsernameAndAdminVerify" name="test_username_edit_and_admin_verify" time="1.015" /><testcase classname="tests.backend_test.TestFollowersRegression" name="test_login_for_followed_users" time="1.546" /><testcase classname="tests.backend_test.TestCustomRequestMessagesAndCounter" name="test_messages_and_counter" time="0.519" /><testcase classname="tests.backend_test.TestRazorpayLive" name="test_payments_create_returns_razorpay_order" time="0.909" /><testcase classname="tests.backend_test.TestRazorpayLive" name="test_verify_rejects_bad_signature" time="0.836" /><testcase classname="tests.backend_test.TestRazorpayLive" name="test_verify_accepts_valid_signature" time="0.858" /><testcase classname="tests.backend_test.TestRazorpayLive" name="test_webhook_signature_verification" time="0.937" /><testcase classname="tests.backend_test.TestReelsHashtagAndPagination" name="test_hashtag_extraction_and_filter" time="0.254" /><testcase classname="tests.backend_test.TestReelsHashtagAndPagination" name="test_pagination_skip_limit" time="0.249" /><testcase classname="tests.backend_test.TestEnquiries" name="test_create_enquiry_unauth_ok" time="0.116" /><testcase classname="tests.backend_test.TestEnquiries" name="test_create_enquiry_validation_400" time="0.145" /><testcase classname="tests.backend_test.TestEnquiries" name="test_admin_list_enquiries" time="0.048" /><testcase classname="tests.backend_test.TestEnquiries" name="test_customer_cannot_list_enquiries" time="0.047" /><testcase classname="tests.backend_test.TestEnquiries" name="test_admin_resolve_enquiry" time="0.096" /><testcase classname="tests.backend_test.TestEnquiries" name="test_resolve_missing_404" time="0.055" /><testcase classname="tests.backend_test.TestDefaultAddress" name="test_default_address_flow" time="0.547" /><testcase classname="tests.backend_test.TestAuthMeCounters" name="test_counters_present" time="0.050" /><testcase classname="tests.backend_test.TestRetailerKYC" name="test_unverified_retailer_blocked_then_approved" time="1.298" /><testcase classname="tests.backend_test.TestRetailerKYC" name="test_pre_approved_retailer_can_create" time="0.377" /><testcase classname="tests.backend_test.TestCompanyKYC" name="test_pre_approved_company_status" time="0.075" /><testcase classname="tests.backend_test.TestCompanyKYC" name="test_company_artist_cannot_submit" time="0.444" /><testcase classname="tests.backend_test.TestCompanyKYC" name="test_admin_companies_endpoint" time="0.053" /><testcase classname="tests.backend_test.TestShippingObject" name="test_shipping_object_and_picked_up" time="0.785" /><testcase classname="tests.backend_test.TestShippingObject" name="test_courier_rate_card" time="0.118" /><testcase classname="tests.backend_test.TestReportDetailAction" name="test_report_detail_and_warn" time="0.635" /><testcase classname="tests.backend_test.TestAdminTabs" name="test_admin_orders_payments" time="0.133" /><testcase classname="tests.backend_test.TestAdminTabs" name="test_admin_users_role_filter" time="0.050" /><testcase classname="tests.backend_test.TestAdminTabs" name="test_super_admin_delete_and_admin_forbidden" time="0.988" /><testcase classname="tests.backend_test.TestAdminTabs" name="test_super_admin_cannot_delete_super" time="0.153" /><testcase classname="tests.backend_test.TestShippingProviders" name="test_providers_list" time="0.124" /><testcase classname="tests.backend_test.TestChat" name="test_support_thread_create_and_message" time="0.354" /><testcase classname="tests.backend_test.TestChat" name="test_empty_message_rejected" time="0.097" /><testcase classname="tests.backend_test.TestChat" name="test_non_participant_cannot_access_thread" time="0.124" /><testcase classname="tests.backend_test.TestDisputes" name="test_dispute_raise_and_refund" time="2.569" /><testcase classname="tests.backend_test.TestDisputes" name="test_dispute_reject_restores_status" time="1.763" /><testcase classname="tests.backend_test.TestDisputes" name="test_resolve_invalid_action" time="0.049" /><testcase classname="tests.backend_test.TestDisputes" name="test_customer_cannot_access_admin_disputes" time="0.048" /><testcase classname="tests.backend_test.TestOrderChat" name="test_buyer_can_open_order_thread" time="0.152" /><testcase classname="tests.backend_test.TestCustomBalancePayment" name="test_balance_payment_flow" time="2.368" /></testsuite></testsuites>