<?xml version="1.0" encoding="utf-8"?><testsuites name="pytest tests"><testsuite name="pytest" errors="0" failures="0" skipped="1" tests="79" time="17.277" timestamp="2026-08-20T05:51:14.704257+00:00" hostname="agent-env-80f7b940-9e0d-4c10-84cc-579807cbaac5"><testcase classname="tests.backend_test.TestEnquiries" name="test_create_enquiry_unauth_ok" time="0.338" /><testcase classname="tests.backend_test.TestAuth" name="test_login_valid" time="0.336" /><testcase classname="tests.backend_test.TestAuth" name="test_login_invalid" time="0.117" /><testcase classname="tests.backend_test.TestEnquiries" name="test_create_enquiry_validation_400" time="0.095" /><testcase classname="tests.backend_test.TestAuth" name="test_me_requires_auth" time="0.304" /><testcase classname="tests.backend_test.TestEnquiries" name="test_admin_list_enquiries" time="0.363" /><testcase classname="tests.backend_test.TestAuth" name="test_me" time="0.544" /><testcase classname="tests.backend_test.TestAuth" name="test_otp_request_and_verify" time="0.208" /><testcase classname="tests.backend_test.TestEnquiries" name="test_customer_cannot_list_enquiries" time="0.561" /><testcase classname="tests.backend_test.TestEnquiries" name="test_admin_resolve_enquiry" time="0.086" /><testcase classname="tests.backend_test.TestEnquiries" name="test_resolve_missing_404" time="0.044" /><testcase classname="tests.backend_test.TestBanners" name="test_public_banners" time="0.097" /><testcase classname="tests.backend_test.TestAuth" name="test_super_admin_login" time="0.334" /><testcase classname="tests.backend_test.TestBanners" name="test_trending_products" time="0.258" /><testcase classname="tests.backend_test.TestBanners" name="test_recommended_creators" time="0.324" /><testcase classname="tests.backend_test.TestAdmin" name="test_overview" time="0.354" /><testcase classname="tests.backend_test.TestBanners" name="test_featured_collections" time="0.122" /><testcase classname="tests.backend_test.TestAdmin" name="test_users_list" time="0.043" /><testcase classname="tests.backend_test.TestAdmin" name="test_customer_cant_access_admin" time="0.086" /><testcase classname="tests.backend_test.TestAdminTabs" name="test_admin_orders_payments" time="0.096" /><testcase classname="tests.backend_test.TestAdminTabs" name="test_admin_users_role_filter" time="0.262" /><testcase classname="tests.backend_test.TestAdmin" name="test_super_admin_creates_support" time="0.605" /><testcase classname="tests.backend_test.TestProducts" name="test_list_products" time="0.235" /><testcase classname="tests.backend_test.TestAdminTabs" name="test_super_admin_delete_and_admin_forbidden" time="1.432" /><testcase classname="tests.backend_test.TestProducts" name="test_search_products" time="0.112" /><testcase classname="tests.backend_test.TestProducts" name="test_product_detail" time="0.528" /><testcase classname="tests.backend_test.TestNewProductRails" name="test_recommended_products" time="0.099" /><testcase classname="tests.backend_test.TestNewProductRails" name="test_related_products" time="0.248" /><testcase classname="tests.backend_test.TestAdminTabs" name="test_super_admin_cannot_delete_super" time="0.142" /><testcase classname="tests.backend_test.TestNewProductRails" name="test_related_products_404" time="0.120" /><testcase classname="tests.backend_test.TestReels" name="test_feed" time="0.108" /><testcase classname="tests.backend_test.TestReels" name="test_like_and_save" time="0.372" /><testcase classname="tests.backend_test.TestCompanyKYC" name="test_pre_approved_company_status" time="0.427" /><testcase classname="tests.backend_test.TestReels" name="test_comment" time="0.395" /><testcase classname="tests.backend_test.TestCompanyKYC" name="test_company_artist_cannot_submit" time="0.394" /><testcase classname="tests.backend_test.TestMeta" name="test_categories" time="0.132" /><testcase classname="tests.backend_test.TestCompanyKYC" name="test_admin_companies_endpoint" time="0.045" /><testcase classname="tests.backend_test.TestCartWishlist" name="test_cart_flow" time="0.287" /><testcase classname="tests.backend_test.TestMeta" name="test_couriers" time="0.130" /><testcase classname="tests.backend_test.TestCartWishlist" name="test_wishlist_toggle" time="0.389" /><testcase classname="tests.backend_test.TestStudioAndModeration" name="test_upload_product_and_approve" time="0.517" /><testcase classname="tests.backend_test.TestRecentlyViewed" name="test_track_view_and_list" time="0.375" /><testcase classname="tests.backend_test.TestStudioAndModeration" name="test_upload_reel_and_approve" time="0.101" /><testcase classname="tests.backend_test.TestSaveForLater" name="test_save_for_later_excluded_from_checkout" time="1.237" /><testcase classname="tests.backend_test.TestRecentlyViewed" name="test_recently_viewed_requires_auth" time="0.095" /><testcase classname="tests.backend_test.TestBecomeRetailer" name="test_customer_becomes_retailer" time="0.499" /><testcase classname="tests.backend_test.TestBecomeRetailer" name="test_non_customer_cannot_become_retailer" time="0.430" /><testcase classname="tests.backend_test.TestSaveForLater" name="test_save_for_later_missing_item" time="0.210" /><testcase classname="tests.backend_test.TestOrderLifecycle" name="test_full_lifecycle_via_status" time="1.514" /><testcase classname="tests.backend_test.TestReports" name="test_report_product_visible_to_admin" time="0.270" /><testcase classname="tests.backend_test.TestReports" name="test_report_reel" time="0.165" /><testcase classname="tests.backend_test.TestRetailerKYC" name="test_unverified_retailer_blocked_then_approved" time="1.434" /><testcase classname="tests.backend_test.TestOrderLifecycle" name="test_reject_path_refunds_escrow" time="1.080" /><testcase classname="tests.backend_test.TestRetailerKYC" name="test_pre_approved_retailer_can_create" time="0.420" /><testcase classname="tests.backend_test.TestShippingObject" name="test_shipping_object_and_picked_up" time="0.849" /><testcase classname="tests.backend_test.TestReelsHashtagAndPagination" name="test_hashtag_extraction_and_filter" time="0.822" /><testcase classname="tests.backend_test.TestShippingObject" name="test_courier_rate_card" time="0.119" /><testcase classname="tests.backend_test.TestReelsHashtagAndPagination" name="test_pagination_skip_limit" time="0.247" /><testcase classname="tests.backend_test.TestCheckout" name="test_full_purchase_flow" time="0.732" /><testcase classname="tests.backend_test.TestSellerShipping" name="test_ship_and_deliver" time="0.220"><skipped type="pytest.skip" message="no placed order">/app/backend/tests/backend_test.py:233: no placed order</skipped></testcase><testcase classname="tests.backend_test.TestCompany" name="test_my_company" time="0.056" /><testcase classname="tests.backend_test.TestNotifications" name="test_list_and_read" time="0.148" /><testcase classname="tests.backend_test.TestSearch" name="test_search" time="0.108" /><testcase classname="tests.backend_test.TestUserSettings" name="test_update_settings" time="0.089" /><testcase classname="tests.backend_test.TestSellerReviews" name="test_reviews_on_seller_profile" time="0.547" /><testcase classname="tests.backend_test.TestCustomOrders" name="test_full_custom_flow" time="1.027" /><testcase classname="tests.backend_test.TestProfileTabsData" name="test_profile_data_shape" time="0.250" /><testcase classname="tests.backend_test.TestAddresses" name="test_address_crud_and_checkout_flow" time="1.134" /><testcase classname="tests.backend_test.TestTickets" name="test_ticket_flow" time="0.412" /><testcase classname="tests.backend_test.TestSavedReels" name="test_saved_reels_feed" time="0.221" /><testcase classname="tests.backend_test.TestUsernameAndAdminVerify" name="test_username_edit_and_admin_verify" time="1.227" /><testcase classname="tests.backend_test.TestDiscountAndVariations" name="test_discount_and_variation_pricing" time="1.293" /><testcase classname="tests.backend_test.TestFollowersRegression" name="test_login_for_followed_users" time="1.484" /><testcase classname="tests.backend_test.TestCollectionsCRUD" name="test_create_toggle_delete" time="1.051" /><testcase classname="tests.backend_test.TestRazorpayFallback" name="test_payments_create_returns_mock_gateway" time="0.128" /><testcase classname="tests.backend_test.TestCustomRequestMessagesAndCounter" name="test_messages_and_counter" time="0.570" /><testcase classname="tests.backend_test.TestAuthMeCounters" name="test_counters_present" time="0.088" /><testcase classname="tests.backend_test.TestReportDetailAction" name="test_report_detail_and_warn" time="0.658" /><testcase classname="tests.backend_test.TestDefaultAddress" name="test_default_address_flow" time="0.589" /></testsuite></testsuites>